<?xml version="1.0" encoding="UTF-8"?>
<!-- Generated by org.testng.reporters.JUnitXMLReporter -->
<testsuite ignored="0" hostname="MYTSLP00906" failures="0" tests="4" name="Default test" time="0.035" errors="0" timestamp="2021-03-30T16:27:08 IST">
  <testcase classname="BeforeAfterClass" name="a" time="0.003"/>
  <testcase classname="BeforeAfterClass" name="b" time="0.001"/>
  <testcase classname="BeforeAfterClass" name="c" time="0.001"/>
  <testcase classname="BeforeAfterClass" name="d" time="0.0"/>
</testsuite> <!-- Default test -->
