<?xml version="1.0" encoding="UTF-8"?>
<testng-results ignored="0" total="4" passed="4" failed="0" skipped="0">
  <reporter-output>
  </reporter-output>
  <suite started-at="2021-03-30T16:27:08 IST" name="Default suite" finished-at="2021-03-30T16:27:08 IST" duration-ms="35">
    <groups>
    </groups>
    <test started-at="2021-03-30T16:27:08 IST" name="Default test" finished-at="2021-03-30T16:27:08 IST" duration-ms="35">
      <class name="BeforeAfterClass">
        <test-method is-config="true" signature="bef()[pri:0, instance:BeforeAfterClass@4a668b6e]" started-at="2021-03-30T16:27:08 IST" name="bef" finished-at="2021-03-30T16:27:08 IST" duration-ms="4" status="PASS">
          <reporter-output>
          </reporter-output>
        </test-method> <!-- bef -->
        <test-method signature="a()[pri:0, instance:BeforeAfterClass@4a668b6e]" started-at="2021-03-30T16:27:08 IST" name="a" finished-at="2021-03-30T16:27:08 IST" duration-ms="3" status="PASS">
          <reporter-output>
          </reporter-output>
        </test-method> <!-- a -->
        <test-method signature="b()[pri:0, instance:BeforeAfterClass@4a668b6e]" started-at="2021-03-30T16:27:08 IST" name="b" finished-at="2021-03-30T16:27:08 IST" duration-ms="1" status="PASS">
          <reporter-output>
          </reporter-output>
        </test-method> <!-- b -->
        <test-method signature="c()[pri:0, instance:BeforeAfterClass@4a668b6e]" started-at="2021-03-30T16:27:08 IST" name="c" finished-at="2021-03-30T16:27:08 IST" duration-ms="1" status="PASS">
          <reporter-output>
          </reporter-output>
        </test-method> <!-- c -->
        <test-method signature="d()[pri:0, instance:BeforeAfterClass@4a668b6e]" started-at="2021-03-30T16:27:08 IST" name="d" finished-at="2021-03-30T16:27:08 IST" duration-ms="0" status="PASS">
          <reporter-output>
          </reporter-output>
        </test-method> <!-- d -->
        <test-method is-config="true" signature="aft()[pri:0, instance:BeforeAfterClass@4a668b6e]" started-at="2021-03-30T16:27:08 IST" name="aft" finished-at="2021-03-30T16:27:08 IST" duration-ms="1" status="PASS">
          <reporter-output>
          </reporter-output>
        </test-method> <!-- aft -->
      </class> <!-- BeforeAfterClass -->
    </test> <!-- Default test -->
  </suite> <!-- Default suite -->
</testng-results>
